

Microchip MPLAB XC8 Assembler V2.50 build 20240725155939 
                                                                                               Sun Nov 23 23:55:01 2025

Microchip MPLAB XC8 C Compiler v2.50 (Free license) build 20240725155939 Og9 
     1                           	processor	18F4550
     2                           	fnconf	rparam,??,?,0
     3                           	pagewidth 120
     4                           	opt	flic
     5                           	psect	nvCOMRAM,global,class=COMRAM,space=1,delta=1,lowdata,noexec
     6                           	psect	cinit,global,reloc=2,class=CODE,space=0,delta=1
     7                           	psect	bssCOMRAM,global,class=COMRAM,space=1,delta=1,lowdata,noexec
     8                           	psect	cstackCOMRAM,global,class=COMRAM,space=1,delta=1,lowdata,noexec
     9                           	psect	text0,global,reloc=2,class=CODE,space=0,delta=1
    10                           	psect	intcode,global,reloc=2,class=CODE,space=0,delta=1
    11                           	psect	intcode_body,global,reloc=2,class=CODE,space=0,delta=1
    12                           	psect	smallconst,global,reloc=2,class=SMALLCONST,space=0,delta=1,noexec
    13                           	psect	intsave_regs,global,class=BIGRAM,space=1,delta=1,noexec
    14                           	psect	rparam,global,class=COMRAM,space=1,delta=1,noexec
    15                           	psect	temp,global,ovrld,common,class=COMRAM,space=1,delta=1,lowdata
    16                           	psect	idloc,global,abs,ovrld,class=IDLOC,space=5,delta=1,noexec
    17                           	psect	config,global,abs,ovrld,class=CONFIG,space=4,delta=1,noexec
    18   000000                     
    19                           ; Generated 25/07/2024 GMT
    20                           ; 
    21                           ; Copyright © 2024, Microchip Technology Inc. and its subsidiaries ("Microchip")
    22                           ; All rights reserved.
    23                           ; 
    24                           ; This software is developed by Microchip Technology Inc. and its subsidiaries ("Microch
      +                          ip").
    25                           ; 
    26                           ; Redistribution and use in source and binary forms, with or without modification, are
    27                           ; permitted provided that the following conditions are met:
    28                           ; 
    29                           ;     1. Redistributions of source code must retain the above copyright notice, this lis
      +                          t of
    30                           ;        conditions and the following disclaimer.
    31                           ; 
    32                           ;     2. Redistributions in binary form must reproduce the above copyright notice, this 
      +                          list
    33                           ;        of conditions and the following disclaimer in the documentation and/or other
    34                           ;        materials provided with the distribution. Publication is not required when
    35                           ;        this file is used in an embedded application.
    36                           ; 
    37                           ;     3. Microchip's name may not be used to endorse or promote products derived from th
      +                          is
    38                           ;        software without specific prior written permission.
    39                           ; 
    40                           ; THIS SOFTWARE IS PROVIDED BY MICROCHIP "AS IS" AND ANY EXPRESS OR IMPLIED WARRANTIES,
    41                           ; INCLUDING, BUT NOT LIMITED TO, THE IMPLIED WARRANTIES OF MERCHANTABILITY AND FITNESS F
      +                          OR
    42                           ; PURPOSE ARE DISCLAIMED.  IN NO EVENT SHALL MICROCHIP BE LIABLE FOR ANY DIRECT, INDIREC
      +                          T,
    43                           ; INCIDENTAL, SPECIAL, EXEMPLARY, OR CONSEQUENTIAL DAMAGES (INCLUDING BUT NOT LIMITED TO
    44                           ; PROCUREMENT OF SUBSTITUTE GOODS OR SERVICES; LOSS OF USE, DATA OR PROFITS; OR BUSINESS
    45                           ; INTERRUPTION) HOWSOEVER CAUSED AND ON ANY THEORY OF LIABILITY, WHETHER IN CONTRACT, ST
      +                          RICT
    46                           ; LIABILITY, OR TORT (INCLUDING NEGLIGENCE OR OTHERWISE) ARISING IN ANY WAY OUT OF THE U
      +                          SE OF
    47                           ; THIS SOFTWARE, EVEN IF ADVISED OF THE POSSIBILITY OF SUCH DAMAGE.
    48                           ; 
    49                           ; 
    50                           ; Code-generator required, PIC18F4550 Definitions
    51                           ; 
    52                           ; SFR Addresses
    53   000FE0                     bsr             equ	4064
    54   000FE9                     fsr0            equ	4073
    55   000FEA                     fsr0h           equ	4074
    56   000FE9                     fsr0l           equ	4073
    57   000FE1                     fsr1            equ	4065
    58   000FE2                     fsr1h           equ	4066
    59   000FE1                     fsr1l           equ	4065
    60   000FD9                     fsr2            equ	4057
    61   000FDA                     fsr2h           equ	4058
    62   000FD9                     fsr2l           equ	4057
    63   000FEF                     indf0           equ	4079
    64   000FE7                     indf1           equ	4071
    65   000FDF                     indf2           equ	4063
    66   000FF2                     intcon          equ	4082
    67   000000                     nvmcon          equ	0
    68   000FF9                     pcl             equ	4089
    69   000FFA                     pclath          equ	4090
    70   000FFB                     pclatu          equ	4091
    71   000FEB                     plusw0          equ	4075
    72   000FE3                     plusw1          equ	4067
    73   000FDB                     plusw2          equ	4059
    74   000FED                     postdec0        equ	4077
    75   000FE5                     postdec1        equ	4069
    76   000FDD                     postdec2        equ	4061
    77   000FEE                     postinc0        equ	4078
    78   000FE6                     postinc1        equ	4070
    79   000FDE                     postinc2        equ	4062
    80   000FEC                     preinc0         equ	4076
    81   000FE4                     preinc1         equ	4068
    82   000FDC                     preinc2         equ	4060
    83   000FF3                     prod            equ	4083
    84   000FF4                     prodh           equ	4084
    85   000FF3                     prodl           equ	4083
    86   000FD8                     status          equ	4056
    87   000FF5                     tablat          equ	4085
    88   000FF6                     tblptr          equ	4086
    89   000FF7                     tblptrh         equ	4087
    90   000FF6                     tblptrl         equ	4086
    91   000FF8                     tblptru         equ	4088
    92   000FFD                     tosl            equ	4093
    93   000FE8                     wreg            equ	4072
    94   000F62                     SPPDATA         equ	3938	;# 
    95   000F63                     SPPCFG          equ	3939	;# 
    96   000F64                     SPPEPS          equ	3940	;# 
    97   000F65                     SPPCON          equ	3941	;# 
    98   000F66                     UFRM            equ	3942	;# 
    99   000F66                     UFRML           equ	3942	;# 
   100   000F67                     UFRMH           equ	3943	;# 
   101   000F68                     UIR             equ	3944	;# 
   102   000F69                     UIE             equ	3945	;# 
   103   000F6A                     UEIR            equ	3946	;# 
   104   000F6B                     UEIE            equ	3947	;# 
   105   000F6C                     USTAT           equ	3948	;# 
   106   000F6D                     UCON            equ	3949	;# 
   107   000F6E                     UADDR           equ	3950	;# 
   108   000F6F                     UCFG            equ	3951	;# 
   109   000F70                     UEP0            equ	3952	;# 
   110   000F71                     UEP1            equ	3953	;# 
   111   000F72                     UEP2            equ	3954	;# 
   112   000F73                     UEP3            equ	3955	;# 
   113   000F74                     UEP4            equ	3956	;# 
   114   000F75                     UEP5            equ	3957	;# 
   115   000F76                     UEP6            equ	3958	;# 
   116   000F77                     UEP7            equ	3959	;# 
   117   000F78                     UEP8            equ	3960	;# 
   118   000F79                     UEP9            equ	3961	;# 
   119   000F7A                     UEP10           equ	3962	;# 
   120   000F7B                     UEP11           equ	3963	;# 
   121   000F7C                     UEP12           equ	3964	;# 
   122   000F7D                     UEP13           equ	3965	;# 
   123   000F7E                     UEP14           equ	3966	;# 
   124   000F7F                     UEP15           equ	3967	;# 
   125   000F80                     PORTA           equ	3968	;# 
   126   000F81                     PORTB           equ	3969	;# 
   127   000F82                     PORTC           equ	3970	;# 
   128   000F83                     PORTD           equ	3971	;# 
   129   000F84                     PORTE           equ	3972	;# 
   130   000F89                     LATA            equ	3977	;# 
   131   000F8A                     LATB            equ	3978	;# 
   132   000F8B                     LATC            equ	3979	;# 
   133   000F8C                     LATD            equ	3980	;# 
   134   000F8D                     LATE            equ	3981	;# 
   135   000F92                     TRISA           equ	3986	;# 
   136   000F92                     DDRA            equ	3986	;# 
   137   000F93                     TRISB           equ	3987	;# 
   138   000F93                     DDRB            equ	3987	;# 
   139   000F94                     TRISC           equ	3988	;# 
   140   000F94                     DDRC            equ	3988	;# 
   141   000F95                     TRISD           equ	3989	;# 
   142   000F95                     DDRD            equ	3989	;# 
   143   000F96                     TRISE           equ	3990	;# 
   144   000F96                     DDRE            equ	3990	;# 
   145   000F9B                     OSCTUNE         equ	3995	;# 
   146   000F9D                     PIE1            equ	3997	;# 
   147   000F9E                     PIR1            equ	3998	;# 
   148   000F9F                     IPR1            equ	3999	;# 
   149   000FA0                     PIE2            equ	4000	;# 
   150   000FA1                     PIR2            equ	4001	;# 
   151   000FA2                     IPR2            equ	4002	;# 
   152   000FA6                     EECON1          equ	4006	;# 
   153   000FA7                     EECON2          equ	4007	;# 
   154   000FA8                     EEDATA          equ	4008	;# 
   155   000FA9                     EEADR           equ	4009	;# 
   156   000FAB                     RCSTA           equ	4011	;# 
   157   000FAB                     RCSTA1          equ	4011	;# 
   158   000FAC                     TXSTA           equ	4012	;# 
   159   000FAC                     TXSTA1          equ	4012	;# 
   160   000FAD                     TXREG           equ	4013	;# 
   161   000FAD                     TXREG1          equ	4013	;# 
   162   000FAE                     RCREG           equ	4014	;# 
   163   000FAE                     RCREG1          equ	4014	;# 
   164   000FAF                     SPBRG           equ	4015	;# 
   165   000FAF                     SPBRG1          equ	4015	;# 
   166   000FB0                     SPBRGH          equ	4016	;# 
   167   000FB1                     T3CON           equ	4017	;# 
   168   000FB2                     TMR3            equ	4018	;# 
   169   000FB2                     TMR3L           equ	4018	;# 
   170   000FB3                     TMR3H           equ	4019	;# 
   171   000FB4                     CMCON           equ	4020	;# 
   172   000FB5                     CVRCON          equ	4021	;# 
   173   000FB6                     ECCP1AS         equ	4022	;# 
   174   000FB6                     CCP1AS          equ	4022	;# 
   175   000FB7                     ECCP1DEL        equ	4023	;# 
   176   000FB7                     CCP1DEL         equ	4023	;# 
   177   000FB8                     BAUDCON         equ	4024	;# 
   178   000FB8                     BAUDCTL         equ	4024	;# 
   179   000FBA                     CCP2CON         equ	4026	;# 
   180   000FBB                     CCPR2           equ	4027	;# 
   181   000FBB                     CCPR2L          equ	4027	;# 
   182   000FBC                     CCPR2H          equ	4028	;# 
   183   000FBD                     CCP1CON         equ	4029	;# 
   184   000FBD                     ECCP1CON        equ	4029	;# 
   185   000FBE                     CCPR1           equ	4030	;# 
   186   000FBE                     CCPR1L          equ	4030	;# 
   187   000FBF                     CCPR1H          equ	4031	;# 
   188   000FC0                     ADCON2          equ	4032	;# 
   189   000FC1                     ADCON1          equ	4033	;# 
   190   000FC2                     ADCON0          equ	4034	;# 
   191   000FC3                     ADRES           equ	4035	;# 
   192   000FC3                     ADRESL          equ	4035	;# 
   193   000FC4                     ADRESH          equ	4036	;# 
   194   000FC5                     SSPCON2         equ	4037	;# 
   195   000FC6                     SSPCON1         equ	4038	;# 
   196   000FC7                     SSPSTAT         equ	4039	;# 
   197   000FC8                     SSPADD          equ	4040	;# 
   198   000FC9                     SSPBUF          equ	4041	;# 
   199   000FCA                     T2CON           equ	4042	;# 
   200   000FCB                     PR2             equ	4043	;# 
   201   000FCB                     MEMCON          equ	4043	;# 
   202   000FCC                     TMR2            equ	4044	;# 
   203   000FCD                     T1CON           equ	4045	;# 
   204   000FCE                     TMR1            equ	4046	;# 
   205   000FCE                     TMR1L           equ	4046	;# 
   206   000FCF                     TMR1H           equ	4047	;# 
   207   000FD0                     RCON            equ	4048	;# 
   208   000FD1                     WDTCON          equ	4049	;# 
   209   000FD2                     HLVDCON         equ	4050	;# 
   210   000FD2                     LVDCON          equ	4050	;# 
   211   000FD3                     OSCCON          equ	4051	;# 
   212   000FD5                     T0CON           equ	4053	;# 
   213   000FD6                     TMR0            equ	4054	;# 
   214   000FD6                     TMR0L           equ	4054	;# 
   215   000FD7                     TMR0H           equ	4055	;# 
   216   000FD8                     STATUS          equ	4056	;# 
   217   000FD9                     FSR2            equ	4057	;# 
   218   000FD9                     FSR2L           equ	4057	;# 
   219   000FDA                     FSR2H           equ	4058	;# 
   220   000FDB                     PLUSW2          equ	4059	;# 
   221   000FDC                     PREINC2         equ	4060	;# 
   222   000FDD                     POSTDEC2        equ	4061	;# 
   223   000FDE                     POSTINC2        equ	4062	;# 
   224   000FDF                     INDF2           equ	4063	;# 
   225   000FE0                     BSR             equ	4064	;# 
   226   000FE1                     FSR1            equ	4065	;# 
   227   000FE1                     FSR1L           equ	4065	;# 
   228   000FE2                     FSR1H           equ	4066	;# 
   229   000FE3                     PLUSW1          equ	4067	;# 
   230   000FE4                     PREINC1         equ	4068	;# 
   231   000FE5                     POSTDEC1        equ	4069	;# 
   232   000FE6                     POSTINC1        equ	4070	;# 
   233   000FE7                     INDF1           equ	4071	;# 
   234   000FE8                     WREG            equ	4072	;# 
   235   000FE9                     FSR0            equ	4073	;# 
   236   000FE9                     FSR0L           equ	4073	;# 
   237   000FEA                     FSR0H           equ	4074	;# 
   238   000FEB                     PLUSW0          equ	4075	;# 
   239   000FEC                     PREINC0         equ	4076	;# 
   240   000FED                     POSTDEC0        equ	4077	;# 
   241   000FEE                     POSTINC0        equ	4078	;# 
   242   000FEF                     INDF0           equ	4079	;# 
   243   000FF0                     INTCON3         equ	4080	;# 
   244   000FF1                     INTCON2         equ	4081	;# 
   245   000FF2                     INTCON          equ	4082	;# 
   246   000FF3                     PROD            equ	4083	;# 
   247   000FF3                     PRODL           equ	4083	;# 
   248   000FF4                     PRODH           equ	4084	;# 
   249   000FF5                     TABLAT          equ	4085	;# 
   250   000FF6                     TBLPTR          equ	4086	;# 
   251   000FF6                     TBLPTRL         equ	4086	;# 
   252   000FF7                     TBLPTRH         equ	4087	;# 
   253   000FF8                     TBLPTRU         equ	4088	;# 
   254   000FF9                     PCLAT           equ	4089	;# 
   255   000FF9                     PC              equ	4089	;# 
   256   000FF9                     PCL             equ	4089	;# 
   257   000FFA                     PCLATH          equ	4090	;# 
   258   000FFB                     PCLATU          equ	4091	;# 
   259   000FFC                     STKPTR          equ	4092	;# 
   260   000FFD                     TOS             equ	4093	;# 
   261   000FFD                     TOSL            equ	4093	;# 
   262   000FFE                     TOSH            equ	4094	;# 
   263   000FFF                     TOSU            equ	4095	;# 
   264                           
   265                           	psect	nvCOMRAM
   266   000009                     __pnvCOMRAM:
   267                           	callstack 0
   268   000009                     _sensor:
   269                           	callstack 0
   270   000009                     	ds	1
   271   007C11                     _RC1            set	31761
   272   007F97                     _GIE            set	32663
   273   007F96                     _PEIE           set	32662
   274   007D02                     _HLVDIE         set	32002
   275   007D0A                     _HLVDIF         set	32010
   276   007F83                     _INT1IE         set	32643
   277   007F80                     _INT1IF         set	32640
   278   007F86                     _INT1IP         set	32646
   279   007F8D                     _INTEDG1        set	32653
   280   007F94                     _INT0IE         set	32660
   281   007F91                     _INT0IF         set	32657
   282   007F8E                     _INTEDG0        set	32654
   283   007EAF                     _TMR0ON         set	32431
   284   007F95                     _TMR0IE         set	32661
   285   007F92                     _TMR0IF         set	32658
   286   007CA1                     _TRISC1         set	31905
   287   007C4A                     _LATA2          set	31818
   288   007C92                     _TRISA2         set	31890
   289   007C49                     _LATA1          set	31817
   290   007C91                     _TRISA1         set	31889
   291   000FD6                     _TMR0           set	4054
   292   000FD2                     _HLVDCONbits    set	4050
   293   000FD5                     _T0CON          set	4053
   294   000F8C                     _LATD           set	3980
   295   000F95                     _TRISD          set	3989
   296   000F8D                     _LATE           set	3981
   297   000F96                     _TRISE          set	3990
   298   000FC1                     _ADCON1         set	4033
   299                           
   300                           ; #config settings
   301                           
   302                           	psect	cinit
   303   0009EC                     __pcinit:
   304                           	callstack 0
   305   0009EC                     start_initialization:
   306                           	callstack 0
   307   0009EC                     __initialization:
   308                           	callstack 0
   309                           
   310                           ; Clear objects allocated to COMRAM (3 bytes)
   311   0009EC  6A08               	clrf	(__pbssCOMRAM+2)& (0+255),c
   312   0009EE  6A07               	clrf	(__pbssCOMRAM+1)& (0+255),c
   313   0009F0  6A06               	clrf	__pbssCOMRAM& (0+255),c
   314   0009F2                     end_of_initialization:
   315                           	callstack 0
   316   0009F2                     __end_of__initialization:
   317                           	callstack 0
   318   0009F2  900A               	bcf	int$flags,0,c	;clear compiler interrupt flag (level 1)
   319   0009F4  920A               	bcf	int$flags,1,c	;clear compiler interrupt flag (level 2)
   320   0009F6  0100               	movlb	0
   321   0009F8  EF01  F004         	goto	_main	;jump to C main() function
   322                           
   323                           	psect	bssCOMRAM
   324   000006                     __pbssCOMRAM:
   325                           	callstack 0
   326   000006                     _Retorno:
   327                           	callstack 0
   328   000006                     	ds	1
   329   000007                     _DECENAS_RGB:
   330                           	callstack 0
   331   000007                     	ds	1
   332   000008                     _segmentos:
   333                           	callstack 0
   334   000008                     	ds	1
   335                           
   336                           	psect	cstackCOMRAM
   337   000001                     __pcstackCOMRAM:
   338                           	callstack 0
   339   000001                     ??_main:
   340   000001                     
   341                           ; 1 bytes @ 0x0
   342   000001                     	ds	1
   343   000002                     main@i:
   344                           	callstack 0
   345                           
   346                           ; 2 bytes @ 0x1
   347   000002                     	ds	2
   348   000004                     main@i_128:
   349                           	callstack 0
   350                           
   351                           ; 2 bytes @ 0x3
   352   000004                     	ds	2
   353                           
   354 ;;
   355 ;;Main: autosize = 0, tempsize = 1, incstack = 0, save=0
   356 ;;
   357 ;; *************** function _main *****************
   358 ;; Defined at:
   359 ;;		line 21 in file "Lab3.c"
   360 ;; Parameters:    Size  Location     Type
   361 ;;		None
   362 ;; Auto vars:     Size  Location     Type
   363 ;;  i               2    3[COMRAM] int 
   364 ;;  i               2    1[COMRAM] int 
   365 ;; Return value:  Size  Location     Type
   366 ;;                  1    wreg      void 
   367 ;; Registers used:
   368 ;;		wreg, status,2, status,0
   369 ;; Tracked objects:
   370 ;;		On entry : 0/0
   371 ;;		On exit  : 0/0
   372 ;;		Unchanged: 0/0
   373 ;; Data sizes:     COMRAM   BANK0   BANK1   BANK2   BANK3   BANK4   BANK5   BANK6   BANK7
   374 ;;      Params:         0       0       0       0       0       0       0       0       0
   375 ;;      Locals:         4       0       0       0       0       0       0       0       0
   376 ;;      Temps:          1       0       0       0       0       0       0       0       0
   377 ;;      Totals:         5       0       0       0       0       0       0       0       0
   378 ;;Total ram usage:        5 bytes
   379 ;; Hardware stack levels required when called: 1
   380 ;; This function calls:
   381 ;;		Nothing
   382 ;; This function is called by:
   383 ;;		Startup code after reset
   384 ;; This function uses a non-reentrant model
   385 ;;
   386                           
   387                           	psect	text0
   388   000802                     __ptext0:
   389                           	callstack 0
   390   000802                     _main:
   391                           	callstack 30
   392                           
   393                           ;Lab3.c: 23: DECENAS_RGB=0;
   394                           
   395                           ;incstack = 0
   396   000802  6A07               	clrf	_DECENAS_RGB^0,c
   397                           
   398                           ;Lab3.c: 24: segmentos=0;
   399   000804  6A08               	clrf	_segmentos^0,c
   400                           
   401                           ;Lab3.c: 28: sensor = 1;
   402   000806  0E01               	movlw	1
   403   000808  6E09               	movwf	_sensor^0,c
   404                           
   405                           ;Lab3.c: 29: Retorno=0;
   406   00080A  6A06               	clrf	_Retorno^0,c
   407                           
   408                           ;Lab3.c: 32: ADCON1=0b00001111;
   409   00080C  0E0F               	movlw	15
   410   00080E  6EC1               	movwf	193,c	;volatile
   411                           
   412                           ;Lab3.c: 35: TRISE=0;
   413   000810  6A96               	clrf	150,c	;volatile
   414                           
   415                           ;Lab3.c: 36: LATE=0b00000111;
   416   000812  0E07               	movlw	7
   417   000814  6E8D               	movwf	141,c	;volatile
   418                           
   419                           ;Lab3.c: 40: TRISD=0;
   420   000816  6A95               	clrf	149,c	;volatile
   421                           
   422                           ;Lab3.c: 41: LATD=segmentos;
   423   000818  C008  FF8C         	movff	_segmentos,3980	;volatile
   424                           
   425                           ;Lab3.c: 44: TRISA1=0;
   426   00081C  9292               	bcf	3986,1,c	;volatile
   427                           
   428                           ;Lab3.c: 45: LATA1=0;
   429   00081E  9289               	bcf	3977,1,c	;volatile
   430                           
   431                           ;Lab3.c: 48: TRISA2=0;
   432   000820  9492               	bcf	3986,2,c	;volatile
   433                           
   434                           ;Lab3.c: 49: LATA2=0;
   435   000822  9489               	bcf	3977,2,c	;volatile
   436                           
   437                           ;Lab3.c: 55: TRISC1=1;
   438   000824  8294               	bsf	3988,1,c	;volatile
   439                           
   440                           ;Lab3.c: 61: T0CON=0b00000011;
   441   000826  0E03               	movlw	3
   442   000828  6ED5               	movwf	213,c	;volatile
   443                           
   444                           ;Lab3.c: 62: TMR0=34286;
   445   00082A  0E85               	movlw	133
   446   00082C  6ED7               	movwf	215,c	;volatile
   447   00082E  0EEE               	movlw	238
   448   000830  6ED6               	movwf	214,c	;volatile
   449                           
   450                           ;Lab3.c: 63: TMR0IF=0;
   451   000832  94F2               	bcf	4082,2,c	;volatile
   452                           
   453                           ;Lab3.c: 64: TMR0IE=1;
   454   000834  8AF2               	bsf	4082,5,c	;volatile
   455                           
   456                           ;Lab3.c: 65: TMR0ON=1;
   457   000836  8ED5               	bsf	4053,7,c	;volatile
   458                           
   459                           ;Lab3.c: 69: INTEDG0=1;
   460   000838  8CF1               	bsf	4081,6,c	;volatile
   461                           
   462                           ;Lab3.c: 70: INT0IF=0;
   463   00083A  92F2               	bcf	4082,1,c	;volatile
   464                           
   465                           ;Lab3.c: 71: INT0IE=1;
   466   00083C  88F2               	bsf	4082,4,c	;volatile
   467                           
   468                           ;Lab3.c: 76: INTEDG1=1;
   469   00083E  8AF1               	bsf	4081,5,c	;volatile
   470                           
   471                           ;Lab3.c: 77: INT1IP=1;
   472   000840  8CF0               	bsf	4080,6,c	;volatile
   473                           
   474                           ;Lab3.c: 78: INT1IF=0;
   475   000842  90F0               	bcf	4080,0,c	;volatile
   476                           
   477                           ;Lab3.c: 79: INT1IE=1;
   478   000844  86F0               	bsf	4080,3,c	;volatile
   479                           
   480                           ;Lab3.c: 84: HLVDCONbits.HLVDL = 0b1101;
   481   000846  50D2               	movf	210,w,c	;volatile
   482   000848  0BF0               	andlw	-16
   483   00084A  090D               	iorlw	13
   484   00084C  6ED2               	movwf	210,c	;volatile
   485                           
   486                           ;Lab3.c: 85: HLVDCONbits.VDIRMAG = 0;
   487   00084E  9ED2               	bcf	210,7,c	;volatile
   488                           
   489                           ;Lab3.c: 86: HLVDCONbits.HLVDEN = 1;
   490   000850  88D2               	bsf	210,4,c	;volatile
   491   000852                     l71:
   492   000852  AAD2               	btfss	210,5,c	;volatile
   493   000854  D7FE               	goto	l71
   494                           
   495                           ;Lab3.c: 90: HLVDIF = 0;
   496   000856  94A1               	bcf	4001,2,c	;volatile
   497                           
   498                           ;Lab3.c: 91: HLVDIE = 1;
   499   000858  84A0               	bsf	4000,2,c	;volatile
   500                           
   501                           ;Lab3.c: 93: PEIE=1;
   502   00085A  8CF2               	bsf	4082,6,c	;volatile
   503                           
   504                           ;Lab3.c: 94: GIE=1;
   505   00085C  8EF2               	bsf	4082,7,c	;volatile
   506   00085E                     l74:
   507                           
   508                           ;Lab3.c: 98: if(RC1==0){
   509   00085E  A282               	btfss	3970,1,c	;volatile
   510                           
   511                           ;Lab3.c: 99: sensor =0;
   512   000860  6A09               	clrf	_sensor^0,c
   513                           
   514                           ;Lab3.c: 100: };Lab3.c: 102: if(sensor==0){
   515   000862  5009               	movf	_sensor^0,w,c
   516   000864  B4D8               	btfsc	status,2,c
   517                           
   518                           ;Lab3.c: 103: if(RC1==1){
   519   000866  A282               	btfss	3970,1,c	;volatile
   520   000868  D7FA               	goto	l74
   521                           
   522                           ;Lab3.c: 104: _delay((unsigned long)((50)*(4000000/4000.0)));
   523   00086A  0E41               	movlw	65
   524   00086C  6E01               	movwf	??_main^0,c
   525   00086E  0EEE               	movlw	238
   526   000870                     u337:
   527   000870  2EE8               	decfsz	wreg,f,c
   528   000872  D7FE               	bra	u337
   529   000874  2E01               	decfsz	??_main^0,f,c
   530   000876  D7FC               	bra	u337
   531   000878  D000               	nop2	
   532                           
   533                           ;Lab3.c: 105: segmentos++;
   534   00087A  2A08               	incf	_segmentos^0,f,c
   535                           
   536                           ;Lab3.c: 106: if (segmentos==10 && DECENAS_RGB !=6){
   537   00087C  0E0A               	movlw	10
   538   00087E  1808               	xorwf	_segmentos^0,w,c
   539   000880  A4D8               	btfss	status,2,c
   540   000882  D01E               	goto	l938
   541   000884  0E06               	movlw	6
   542   000886  1807               	xorwf	_DECENAS_RGB^0,w,c
   543   000888  B4D8               	btfsc	status,2,c
   544   00088A  D01A               	goto	l938
   545                           
   546                           ;Lab3.c: 107: segmentos=0;
   547   00088C  6A08               	clrf	_segmentos^0,c
   548                           
   549                           ;Lab3.c: 109: for(int i = 0; i < 600; i++){
   550   00088E  0E00               	movlw	0
   551   000890  6E03               	movwf	(main@i+1)^0,c
   552   000892  0E00               	movlw	0
   553   000894  6E02               	movwf	main@i^0,c
   554   000896                     l79:
   555                           
   556                           ;Lab3.c: 111: LATA2 = 1;
   557   000896  8489               	bsf	3977,2,c	;volatile
   558                           
   559                           ;Lab3.c: 112: _delay((unsigned long)((250)*(4000000/4000000.0)));
   560   000898  0E53               	movlw	83
   561   00089A                     u347:
   562   00089A  2EE8               	decfsz	wreg,f,c
   563   00089C  D7FE               	bra	u347
   564   00089E  0000               	nop	
   565                           
   566                           ;Lab3.c: 113: LATA2 = 0;
   567   0008A0  9489               	bcf	3977,2,c	;volatile
   568                           
   569                           ;Lab3.c: 114: _delay((unsigned long)((250)*(4000000/4000000.0)));
   570   0008A2  0E53               	movlw	83
   571   0008A4                     u357:
   572   0008A4  2EE8               	decfsz	wreg,f,c
   573   0008A6  D7FE               	bra	u357
   574   0008A8  0000               	nop	
   575   0008AA  4A02               	infsnz	main@i^0,f,c
   576   0008AC  2A03               	incf	(main@i+1)^0,f,c
   577   0008AE  BE03               	btfsc	(main@i+1)^0,7,c
   578   0008B0  D7F2               	goto	l79
   579   0008B2  0E58               	movlw	88
   580   0008B4  5C02               	subwf	main@i^0,w,c
   581   0008B6  0E02               	movlw	2
   582   0008B8  5803               	subwfb	(main@i+1)^0,w,c
   583   0008BA  A0D8               	btfss	status,0,c
   584   0008BC  D7EC               	goto	l79
   585                           
   586                           ;Lab3.c: 115: };Lab3.c: 116: DECENAS_RGB++;
   587   0008BE  2A07               	incf	_DECENAS_RGB^0,f,c
   588   0008C0                     l938:
   589                           
   590                           ;Lab3.c: 117: };Lab3.c: 119: if (DECENAS_RGB==6){
   591   0008C0  0E06               	movlw	6
   592   0008C2  1807               	xorwf	_DECENAS_RGB^0,w,c
   593   0008C4  A4D8               	btfss	status,2,c
   594   0008C6  D019               	goto	l81
   595                           
   596                           ;Lab3.c: 120: for(int i = 0; i < 2000; i++){
   597   0008C8  0E00               	movlw	0
   598   0008CA  6E05               	movwf	(main@i_128+1)^0,c
   599   0008CC  0E00               	movlw	0
   600   0008CE  6E04               	movwf	main@i_128^0,c
   601   0008D0                     l82:
   602                           
   603                           ;Lab3.c: 121: LATA2 = 1;
   604   0008D0  8489               	bsf	3977,2,c	;volatile
   605                           
   606                           ;Lab3.c: 122: _delay((unsigned long)((250)*(4000000/4000000.0)));
   607   0008D2  0E53               	movlw	83
   608   0008D4                     u367:
   609   0008D4  2EE8               	decfsz	wreg,f,c
   610   0008D6  D7FE               	bra	u367
   611   0008D8  0000               	nop	
   612                           
   613                           ;Lab3.c: 123: LATA2 = 0;
   614   0008DA  9489               	bcf	3977,2,c	;volatile
   615                           
   616                           ;Lab3.c: 124: _delay((unsigned long)((250)*(4000000/4000000.0)));
   617   0008DC  0E53               	movlw	83
   618   0008DE                     u377:
   619   0008DE  2EE8               	decfsz	wreg,f,c
   620   0008E0  D7FE               	bra	u377
   621   0008E2  0000               	nop	
   622   0008E4  4A04               	infsnz	main@i_128^0,f,c
   623   0008E6  2A05               	incf	(main@i_128+1)^0,f,c
   624   0008E8  BE05               	btfsc	(main@i_128+1)^0,7,c
   625   0008EA  D7F2               	goto	l82
   626   0008EC  0ED0               	movlw	208
   627   0008EE  5C04               	subwf	main@i_128^0,w,c
   628   0008F0  0E07               	movlw	7
   629   0008F2  5805               	subwfb	(main@i_128+1)^0,w,c
   630   0008F4  A0D8               	btfss	status,0,c
   631   0008F6  D7EC               	goto	l82
   632                           
   633                           ;Lab3.c: 125: };Lab3.c: 126: DECENAS_RGB = 0;
   634   0008F8  6A07               	clrf	_DECENAS_RGB^0,c
   635   0008FA                     l81:
   636                           
   637                           ;Lab3.c: 128: };Lab3.c: 129: LATD=segmentos;
   638   0008FA  C008  FF8C         	movff	_segmentos,3980	;volatile
   639                           
   640                           ;Lab3.c: 138: if(DECENAS_RGB==0){
   641   0008FE  5007               	movf	_DECENAS_RGB^0,w,c
   642   000900  A4D8               	btfss	status,2,c
   643   000902  D002               	goto	l956
   644                           
   645                           ;Lab3.c: 139: LATE=0b00000001;
   646   000904  0E01               	movlw	1
   647   000906  D016               	goto	L4
   648   000908                     l956:
   649   000908  0407               	decf	_DECENAS_RGB^0,w,c
   650   00090A  A4D8               	btfss	status,2,c
   651   00090C  D002               	goto	l960
   652                           
   653                           ;Lab3.c: 141: LATE=0b00000101;
   654   00090E  0E05               	movlw	5
   655   000910  D011               	goto	L4
   656   000912                     l960:
   657   000912  0E02               	movlw	2
   658   000914  1807               	xorwf	_DECENAS_RGB^0,w,c
   659   000916  A4D8               	btfss	status,2,c
   660   000918  D002               	goto	l964
   661                           
   662                           ;Lab3.c: 143: LATE=0b00000100;
   663   00091A  0E04               	movlw	4
   664   00091C  D00B               	goto	L4
   665   00091E                     l964:
   666   00091E  0E03               	movlw	3
   667   000920  1807               	xorwf	_DECENAS_RGB^0,w,c
   668   000922  A4D8               	btfss	status,2,c
   669   000924  D002               	goto	l968
   670                           
   671                           ;Lab3.c: 145: LATE=0b00000110;
   672   000926  0E06               	movlw	6
   673   000928  D005               	goto	L4
   674   00092A                     l968:
   675   00092A  0E04               	movlw	4
   676   00092C  1807               	xorwf	_DECENAS_RGB^0,w,c
   677   00092E  A4D8               	btfss	status,2,c
   678   000930  D003               	goto	l972
   679                           
   680                           ;Lab3.c: 147: LATE=0b00000010;
   681   000932  0E02               	movlw	2
   682   000934                     L4:
   683   000934  6E8D               	movwf	141,c	;volatile
   684                           
   685                           ;Lab3.c: 148: }else if(DECENAS_RGB==5){
   686   000936  D004               	goto	l89
   687   000938                     l972:
   688   000938  0E05               	movlw	5
   689   00093A  1807               	xorwf	_DECENAS_RGB^0,w,c
   690   00093C  B4D8               	btfsc	status,2,c
   691                           
   692                           ;Lab3.c: 149: LATE=0b00000000;
   693   00093E  6A8D               	clrf	141,c	;volatile
   694   000940                     l89:
   695                           
   696                           ;Lab3.c: 150: };Lab3.c: 152: sensor=1;
   697   000940  0E01               	movlw	1
   698   000942  6E09               	movwf	_sensor^0,c
   699   000944  D78C               	goto	l74
   700   000946                     __end_of_main:
   701                           	callstack 0
   702                           
   703 ;; *************** function _ISR *****************
   704 ;; Defined at:
   705 ;;		line 171 in file "Lab3.c"
   706 ;; Parameters:    Size  Location     Type
   707 ;;		None
   708 ;; Auto vars:     Size  Location     Type
   709 ;;		None
   710 ;; Return value:  Size  Location     Type
   711 ;;                  1    wreg      void 
   712 ;; Registers used:
   713 ;;		wreg, status,2, status,0
   714 ;; Tracked objects:
   715 ;;		On entry : 0/0
   716 ;;		On exit  : 0/0
   717 ;;		Unchanged: 0/0
   718 ;; Data sizes:     COMRAM   BANK0   BANK1   BANK2   BANK3   BANK4   BANK5   BANK6   BANK7
   719 ;;      Params:         0       0       0       0       0       0       0       0       0
   720 ;;      Locals:         0       0       0       0       0       0       0       0       0
   721 ;;      Temps:          0       0       0       0       0       0       0       0       0
   722 ;;      Totals:         0       0       0       0       0       0       0       0       0
   723 ;;Total ram usage:        0 bytes
   724 ;; Hardware stack levels used: 1
   725 ;; This function calls:
   726 ;;		Nothing
   727 ;; This function is called by:
   728 ;;		Interrupt level 2
   729 ;; This function uses a non-reentrant model
   730 ;;
   731                           
   732                           	psect	intcode
   733   000008                     __pintcode:
   734                           	callstack 0
   735   000008                     _ISR:
   736                           	callstack 30
   737                           
   738                           ;incstack = 0
   739   000008  820A               	bsf	btemp,1,c	;set compiler interrupt flag (level 2)
   740   00000A  EDA3  F004         	call	int_func,f	;refresh shadow registers
   741                           
   742                           	psect	intcode_body
   743   000946                     __pintcode_body:
   744                           	callstack 30
   745   000946                     int_func:
   746                           	callstack 30
   747   000946  0006               	pop		; remove dummy address from shadow register refresh
   748                           
   749                           ;Lab3.c: 172: if(TMR0IF==1){
   750   000948  A4F2               	btfss	4082,2,c	;volatile
   751   00094A  D01C               	goto	i2l998
   752                           
   753                           ;Lab3.c: 173: if(Retorno==0){
   754   00094C  5006               	movf	_Retorno^0,w,c
   755   00094E  A4D8               	btfss	status,2,c
   756   000950  D00B               	goto	i2l988
   757                           
   758                           ;Lab3.c: 174: TMR0=34286;
   759   000952  0E85               	movlw	133
   760   000954  6ED7               	movwf	215,c	;volatile
   761   000956  0EEE               	movlw	238
   762   000958  6ED6               	movwf	214,c	;volatile
   763                           
   764                           ;Lab3.c: 175: TMR0IF=0;
   765   00095A  94F2               	bcf	4082,2,c	;volatile
   766                           
   767                           ;Lab3.c: 176: LATA1=LATA1^1;
   768   00095C  B289               	btfsc	3977,1,c	;volatile
   769   00095E  D002               	goto	i2u18_40
   770   000960  8289               	bsf	3977,1,c	;volatile
   771   000962  D010               	goto	i2l998
   772   000964                     i2u18_40:
   773   000964  9289               	bcf	3977,1,c	;volatile
   774                           
   775                           ;Lab3.c: 177: }
   776   000966  D00E               	goto	i2l998
   777   000968                     i2l988:
   778                           
   779                           ;Lab3.c: 178: else if(Retorno == 1){
   780   000968  0406               	decf	_Retorno^0,w,c
   781   00096A  A4D8               	btfss	status,2,c
   782   00096C  D00B               	goto	i2l998
   783                           
   784                           ;Lab3.c: 181: TMR0=49911 ;
   785   00096E  0EC2               	movlw	194
   786   000970  6ED7               	movwf	215,c	;volatile
   787   000972  0EF7               	movlw	247
   788   000974  6ED6               	movwf	214,c	;volatile
   789                           
   790                           ;Lab3.c: 184: TMR0IF=0;
   791   000976  94F2               	bcf	4082,2,c	;volatile
   792                           
   793                           ;Lab3.c: 185: LATA1=LATA1^1;
   794   000978  B289               	btfsc	3977,1,c	;volatile
   795   00097A  D002               	goto	i2u21_40
   796   00097C  8289               	bsf	3977,1,c	;volatile
   797   00097E  D001               	goto	i2u22_45
   798   000980                     i2u21_40:
   799   000980  9289               	bcf	3977,1,c	;volatile
   800   000982                     i2u22_45:
   801                           
   802                           ;Lab3.c: 186: Retorno=0;
   803   000982  6A06               	clrf	_Retorno^0,c
   804   000984                     i2l998:
   805                           
   806                           ;Lab3.c: 187: };Lab3.c: 189: };Lab3.c: 192: if (HLVDIF)
   807   000984  A4A1               	btfss	4001,2,c	;volatile
   808   000986  D003               	goto	i2l1004
   809                           
   810                           ;Lab3.c: 193: {;Lab3.c: 194: Retorno=1;
   811   000988  0E01               	movlw	1
   812   00098A  6E06               	movwf	_Retorno^0,c
   813                           
   814                           ;Lab3.c: 195: HLVDIF = 0;
   815   00098C  94A1               	bcf	4001,2,c	;volatile
   816   00098E                     i2l1004:
   817                           
   818                           ;Lab3.c: 196: };Lab3.c: 198: if (INT0IF==1){
   819   00098E  A2F2               	btfss	4082,1,c	;volatile
   820   000990  D022               	goto	i2l107
   821                           
   822                           ;Lab3.c: 199: INT0IF=0;
   823   000992  92F2               	bcf	4082,1,c	;volatile
   824                           
   825                           ;Lab3.c: 200: LATE=0b00000011;
   826   000994  0E03               	movlw	3
   827   000996  6E8D               	movwf	141,c	;volatile
   828   000998                     i2l1010:
   829                           
   830                           ;Lab3.c: 205: if(TMR0IF==1){
   831   000998  A4F2               	btfss	4082,2,c	;volatile
   832   00099A  D7FE               	goto	i2l1010
   833                           
   834                           ;Lab3.c: 206: if(Retorno==0){
   835   00099C  5006               	movf	_Retorno^0,w,c
   836   00099E  A4D8               	btfss	status,2,c
   837   0009A0  D00B               	goto	i2l1020
   838                           
   839                           ;Lab3.c: 207: TMR0=34286;
   840   0009A2  0E85               	movlw	133
   841   0009A4  6ED7               	movwf	215,c	;volatile
   842   0009A6  0EEE               	movlw	238
   843   0009A8  6ED6               	movwf	214,c	;volatile
   844                           
   845                           ;Lab3.c: 208: TMR0IF=0;
   846   0009AA  94F2               	bcf	4082,2,c	;volatile
   847                           
   848                           ;Lab3.c: 209: LATA1=LATA1^1;
   849   0009AC  B289               	btfsc	3977,1,c	;volatile
   850   0009AE  D002               	goto	i2u27_40
   851   0009B0  8289               	bsf	3977,1,c	;volatile
   852   0009B2  D7F2               	goto	i2l1010
   853   0009B4                     i2u27_40:
   854   0009B4  9289               	bcf	3977,1,c	;volatile
   855                           
   856                           ;Lab3.c: 210: }
   857   0009B6  D7F0               	goto	i2l1010
   858   0009B8                     i2l1020:
   859                           
   860                           ;Lab3.c: 212: else if(Retorno == 1){
   861   0009B8  0406               	decf	_Retorno^0,w,c
   862   0009BA  A4D8               	btfss	status,2,c
   863   0009BC  D7ED               	goto	i2l1010
   864                           
   865                           ;Lab3.c: 213: TMR0=49911 ;
   866   0009BE  0EC2               	movlw	194
   867   0009C0  6ED7               	movwf	215,c	;volatile
   868   0009C2  0EF7               	movlw	247
   869   0009C4  6ED6               	movwf	214,c	;volatile
   870                           
   871                           ;Lab3.c: 216: TMR0IF=0;
   872   0009C6  94F2               	bcf	4082,2,c	;volatile
   873                           
   874                           ;Lab3.c: 217: LATA1=LATA1^1;
   875   0009C8  B289               	btfsc	3977,1,c	;volatile
   876   0009CA  D002               	goto	i2u30_40
   877   0009CC  8289               	bsf	3977,1,c	;volatile
   878   0009CE  D001               	goto	i2u31_45
   879   0009D0                     i2u30_40:
   880   0009D0  9289               	bcf	3977,1,c	;volatile
   881   0009D2                     i2u31_45:
   882                           
   883                           ;Lab3.c: 218: Retorno=0;
   884   0009D2  6A06               	clrf	_Retorno^0,c
   885   0009D4  D7E1               	goto	i2l1010
   886   0009D6                     i2l107:
   887                           
   888                           ;Lab3.c: 219: };Lab3.c: 221: };Lab3.c: 245: };Lab3.c: 246: };Lab3.c: 247: if (INT1IF==1)
      +                          {
   889   0009D6  A0F0               	btfss	4080,0,c	;volatile
   890   0009D8  D007               	goto	i2l116
   891                           
   892                           ;Lab3.c: 248: INT1IF=0;
   893   0009DA  90F0               	bcf	4080,0,c	;volatile
   894                           
   895                           ;Lab3.c: 249: segmentos=0;
   896   0009DC  6A08               	clrf	_segmentos^0,c
   897                           
   898                           ;Lab3.c: 250: DECENAS_RGB=0;
   899   0009DE  6A07               	clrf	_DECENAS_RGB^0,c
   900                           
   901                           ;Lab3.c: 251: LATD=segmentos;
   902   0009E0  C008  FF8C         	movff	_segmentos,3980	;volatile
   903                           
   904                           ;Lab3.c: 252: LATE=0b00000001;
   905   0009E4  0E01               	movlw	1
   906   0009E6  6E8D               	movwf	141,c	;volatile
   907   0009E8                     i2l116:
   908   0009E8  920A               	bcf	btemp,1,c	;clear compiler interrupt flag (level 2)
   909   0009EA  0011               	retfie		f
   910   0009EC                     __end_of_ISR:
   911                           	callstack 0
   912                           
   913                           	psect	smallconst
   914   000800                     __psmallconst:
   915                           	callstack 0
   916   000800  00                 	db	0
   917   000801  00                 	db	0	; dummy byte at the end
   918   000000                     __activetblptr  equ	0
   919                           
   920                           	psect	rparam
   921   000001                     ___rparam_used  equ	1
   922   000000                     ___param_bank   equ	0
   923   000000                     __Lparam        equ	__Lrparam
   924   000000                     __Hparam        equ	__Hrparam
   925                           
   926                           	psect	temp
   927   00000A                     btemp:
   928                           	callstack 0
   929   00000A                     	ds	1
   930   00000A                     int$flags       set	btemp
   931   00000B                     wtemp8          set	btemp+1
   932   00000B                     ttemp5          set	btemp+1
   933   00000E                     ttemp6          set	btemp+4
   934   000012                     ttemp7          set	btemp+8
   935                           
   936                           	psect	idloc
   937                           
   938                           ;Config register IDLOC0 @ 0x200000
   939                           ;	unspecified, using default values
   940   200000                     	org	2097152
   941   200000  FF                 	db	255
   942                           
   943                           ;Config register IDLOC1 @ 0x200001
   944                           ;	unspecified, using default values
   945   200001                     	org	2097153
   946   200001  FF                 	db	255
   947                           
   948                           ;Config register IDLOC2 @ 0x200002
   949                           ;	unspecified, using default values
   950   200002                     	org	2097154
   951   200002  FF                 	db	255
   952                           
   953                           ;Config register IDLOC3 @ 0x200003
   954                           ;	unspecified, using default values
   955   200003                     	org	2097155
   956   200003  FF                 	db	255
   957                           
   958                           ;Config register IDLOC4 @ 0x200004
   959                           ;	unspecified, using default values
   960   200004                     	org	2097156
   961   200004  FF                 	db	255
   962                           
   963                           ;Config register IDLOC5 @ 0x200005
   964                           ;	unspecified, using default values
   965   200005                     	org	2097157
   966   200005  FF                 	db	255
   967                           
   968                           ;Config register IDLOC6 @ 0x200006
   969                           ;	unspecified, using default values
   970   200006                     	org	2097158
   971   200006  FF                 	db	255
   972                           
   973                           ;Config register IDLOC7 @ 0x200007
   974                           ;	unspecified, using default values
   975   200007                     	org	2097159
   976   200007  FF                 	db	255
   977                           
   978                           	psect	config
   979                           
   980                           ;Config register CONFIG1L @ 0x300000
   981                           ;	unspecified, using default values
   982                           ;	PLL Prescaler Selection bits
   983                           ;	PLLDIV = 0x0, unprogrammed default
   984                           ;	System Clock Postscaler Selection bits
   985                           ;	CPUDIV = 0x0, unprogrammed default
   986                           ;	USB Clock Selection bit (used in Full-Speed USB mode only; UCFG:FSEN = 1)
   987                           ;	USBDIV = 0x0, unprogrammed default
   988   300000                     	org	3145728
   989   300000  00                 	db	0
   990                           
   991                           ;Config register CONFIG1H @ 0x300001
   992                           ;	Oscillator Selection bits
   993                           ;	FOSC = HS, HS oscillator (HS)
   994                           ;	Fail-Safe Clock Monitor Enable bit
   995                           ;	FCMEN = 0x0, unprogrammed default
   996                           ;	Internal/External Oscillator Switchover bit
   997                           ;	IESO = 0x0, unprogrammed default
   998   300001                     	org	3145729
   999   300001  0C                 	db	12
  1000                           
  1001                           ;Config register CONFIG2L @ 0x300002
  1002                           ;	unspecified, using default values
  1003                           ;	Power-up Timer Enable bit
  1004                           ;	PWRT = 0x1, unprogrammed default
  1005                           ;	Brown-out Reset Enable bits
  1006                           ;	BOR = 0x3, unprogrammed default
  1007                           ;	Brown-out Reset Voltage bits
  1008                           ;	BORV = 0x3, unprogrammed default
  1009                           ;	USB Voltage Regulator Enable bit
  1010                           ;	VREGEN = 0x0, unprogrammed default
  1011   300002                     	org	3145730
  1012   300002  1F                 	db	31
  1013                           
  1014                           ;Config register CONFIG2H @ 0x300003
  1015                           ;	Watchdog Timer Enable bit
  1016                           ;	WDT = OFF, WDT disabled (control is placed on the SWDTEN bit)
  1017                           ;	Watchdog Timer Postscale Select bits
  1018                           ;	WDTPS = 0xF, unprogrammed default
  1019   300003                     	org	3145731
  1020   300003  1E                 	db	30
  1021                           
  1022                           ; Padding undefined space
  1023   300004                     	org	3145732
  1024   300004  FF                 	db	255
  1025                           
  1026                           ;Config register CONFIG3H @ 0x300005
  1027                           ;	unspecified, using default values
  1028                           ;	CCP2 MUX bit
  1029                           ;	CCP2MX = 0x1, unprogrammed default
  1030                           ;	PORTB A/D Enable bit
  1031                           ;	PBADEN = 0x1, unprogrammed default
  1032                           ;	Low-Power Timer 1 Oscillator Enable bit
  1033                           ;	LPT1OSC = 0x0, unprogrammed default
  1034                           ;	MCLR Pin Enable bit
  1035                           ;	MCLRE = 0x1, unprogrammed default
  1036   300005                     	org	3145733
  1037   300005  83                 	db	131
  1038                           
  1039                           ;Config register CONFIG4L @ 0x300006
  1040                           ;	Stack Full/Underflow Reset Enable bit
  1041                           ;	STVREN = 0x1, unprogrammed default
  1042                           ;	Single-Supply ICSP Enable bit
  1043                           ;	LVP = OFF, Single-Supply ICSP disabled
  1044                           ;	Dedicated In-Circuit Debug/Programming Port (ICPORT) Enable bit
  1045                           ;	ICPRT = 0x0, unprogrammed default
  1046                           ;	Extended Instruction Set Enable bit
  1047                           ;	XINST = 0x0, unprogrammed default
  1048                           ;	Background Debugger Enable bit
  1049                           ;	DEBUG = 0x1, unprogrammed default
  1050   300006                     	org	3145734
  1051   300006  81                 	db	129
  1052                           
  1053                           ; Padding undefined space
  1054   300007                     	org	3145735
  1055   300007  FF                 	db	255
  1056                           
  1057                           ;Config register CONFIG5L @ 0x300008
  1058                           ;	unspecified, using default values
  1059                           ;	Code Protection bit
  1060                           ;	CP0 = 0x1, unprogrammed default
  1061                           ;	Code Protection bit
  1062                           ;	CP1 = 0x1, unprogrammed default
  1063                           ;	Code Protection bit
  1064                           ;	CP2 = 0x1, unprogrammed default
  1065                           ;	Code Protection bit
  1066                           ;	CP3 = 0x1, unprogrammed default
  1067   300008                     	org	3145736
  1068   300008  0F                 	db	15
  1069                           
  1070                           ;Config register CONFIG5H @ 0x300009
  1071                           ;	unspecified, using default values
  1072                           ;	Boot Block Code Protection bit
  1073                           ;	CPB = 0x1, unprogrammed default
  1074                           ;	Data EEPROM Code Protection bit
  1075                           ;	CPD = 0x1, unprogrammed default
  1076   300009                     	org	3145737
  1077   300009  C0                 	db	192
  1078                           
  1079                           ;Config register CONFIG6L @ 0x30000A
  1080                           ;	unspecified, using default values
  1081                           ;	Write Protection bit
  1082                           ;	WRT0 = 0x1, unprogrammed default
  1083                           ;	Write Protection bit
  1084                           ;	WRT1 = 0x1, unprogrammed default
  1085                           ;	Write Protection bit
  1086                           ;	WRT2 = 0x1, unprogrammed default
  1087                           ;	Write Protection bit
  1088                           ;	WRT3 = 0x1, unprogrammed default
  1089   30000A                     	org	3145738
  1090   30000A  0F                 	db	15
  1091                           
  1092                           ;Config register CONFIG6H @ 0x30000B
  1093                           ;	unspecified, using default values
  1094                           ;	Configuration Register Write Protection bit
  1095                           ;	WRTC = 0x1, unprogrammed default
  1096                           ;	Boot Block Write Protection bit
  1097                           ;	WRTB = 0x1, unprogrammed default
  1098                           ;	Data EEPROM Write Protection bit
  1099                           ;	WRTD = 0x1, unprogrammed default
  1100   30000B                     	org	3145739
  1101   30000B  E0                 	db	224
  1102                           
  1103                           ;Config register CONFIG7L @ 0x30000C
  1104                           ;	unspecified, using default values
  1105                           ;	Table Read Protection bit
  1106                           ;	EBTR0 = 0x1, unprogrammed default
  1107                           ;	Table Read Protection bit
  1108                           ;	EBTR1 = 0x1, unprogrammed default
  1109                           ;	Table Read Protection bit
  1110                           ;	EBTR2 = 0x1, unprogrammed default
  1111                           ;	Table Read Protection bit
  1112                           ;	EBTR3 = 0x1, unprogrammed default
  1113   30000C                     	org	3145740
  1114   30000C  0F                 	db	15
  1115                           
  1116                           ;Config register CONFIG7H @ 0x30000D
  1117                           ;	unspecified, using default values
  1118                           ;	Boot Block Table Read Protection bit
  1119                           ;	EBTRB = 0x1, unprogrammed default
  1120   30000D                     	org	3145741
  1121   30000D  40                 	db	64
  1122                           tosu	equ	0xFFF
  1123                           tosh	equ	0xFFE
  1124                           tosl	equ	0xFFD
  1125                           stkptr	equ	0xFFC
  1126                           pclatu	equ	0xFFB
  1127                           pclath	equ	0xFFA
  1128                           pcl	equ	0xFF9
  1129                           tblptru	equ	0xFF8
  1130                           tblptrh	equ	0xFF7
  1131                           tblptrl	equ	0xFF6
  1132                           tablat	equ	0xFF5
  1133                           prodh	equ	0xFF4
  1134                           prodl	equ	0xFF3
  1135                           indf0	equ	0xFEF
  1136                           postinc0	equ	0xFEE
  1137                           postdec0	equ	0xFED
  1138                           preinc0	equ	0xFEC
  1139                           plusw0	equ	0xFEB
  1140                           fsr0h	equ	0xFEA
  1141                           fsr0l	equ	0xFE9
  1142                           wreg	equ	0xFE8
  1143                           indf1	equ	0xFE7
  1144                           postinc1	equ	0xFE6
  1145                           postdec1	equ	0xFE5
  1146                           preinc1	equ	0xFE4
  1147                           plusw1	equ	0xFE3
  1148                           fsr1h	equ	0xFE2
  1149                           fsr1l	equ	0xFE1
  1150                           bsr	equ	0xFE0
  1151                           indf2	equ	0xFDF
  1152                           postinc2	equ	0xFDE
  1153                           postdec2	equ	0xFDD
  1154                           preinc2	equ	0xFDC
  1155                           plusw2	equ	0xFDB
  1156                           fsr2h	equ	0xFDA
  1157                           fsr2l	equ	0xFD9
  1158                           status	equ	0xFD8

Data Sizes:
    Strings     0
    Constant    0
    Data        0
    BSS         3
    Persistent  1
    Stack       0

Auto Spaces:
    Space          Size  Autos    Used
    COMRAM           94      5       9
    BANK0           160      0       0
    BANK1           256      0       0
    BANK2           256      0       0
    BANK3           256      0       0
    BANK4           256      0       0
    BANK5           256      0       0
    BANK6           256      0       0
    BANK7           256      0       0

Pointer List with Targets:

    None.

Critical Paths under _main in COMRAM

    None.

Critical Paths under _ISR in COMRAM

    None.

Critical Paths under _main in BANK0

    None.

Critical Paths under _ISR in BANK0

    None.

Critical Paths under _main in BANK1

    None.

Critical Paths under _ISR in BANK1

    None.

Critical Paths under _main in BANK2

    None.

Critical Paths under _ISR in BANK2

    None.

Critical Paths under _main in BANK3

    None.

Critical Paths under _ISR in BANK3

    None.

Critical Paths under _main in BANK4

    None.

Critical Paths under _ISR in BANK4

    None.

Critical Paths under _main in BANK5

    None.

Critical Paths under _ISR in BANK5

    None.

Critical Paths under _main in BANK6

    None.

Critical Paths under _ISR in BANK6

    None.

Critical Paths under _main in BANK7

    None.

Critical Paths under _ISR in BANK7

    None.

Call Graph Tables:

 ---------------------------------------------------------------------------------
 (Depth) Function   	        Calls       Base Space   Used Autos Params    Refs
 ---------------------------------------------------------------------------------
 (0) _main                                                 5     5      0      60
                                              0 COMRAM     5     5      0
 ---------------------------------------------------------------------------------
 Estimated maximum stack depth 0
 ---------------------------------------------------------------------------------
 (Depth) Function   	        Calls       Base Space   Used Autos Params    Refs
 ---------------------------------------------------------------------------------
 (1) _ISR                                                  0     0      0       0
 ---------------------------------------------------------------------------------
 Estimated maximum stack depth 1
 ---------------------------------------------------------------------------------

 Call Graph Graphs:

 _main (ROOT)

 _ISR (ROOT)

Address spaces:
Name               Size   Autos  Total    Usage
BIGRAM            2047      0       0      0.0%
BITBANK7           256      0       0      0.0%
BANK7              256      0       0      0.0%
BITBANK6           256      0       0      0.0%
BANK6              256      0       0      0.0%
BITBANK5           256      0       0      0.0%
BANK5              256      0       0      0.0%
BITBANK4           256      0       0      0.0%
BANK4              256      0       0      0.0%
BITBANK3           256      0       0      0.0%
BANK3              256      0       0      0.0%
BITBANK2           256      0       0      0.0%
BANK2              256      0       0      0.0%
BITBANK1           256      0       0      0.0%
BANK1              256      0       0      0.0%
BITBANK0           160      0       0      0.0%
BANK0              160      0       0      0.0%
BITBIGSFRh          95      0       0      0.0%
BITCOMRAM           94      0       0      0.0%
COMRAM              94      5       9      9.6%
BITBIGSFRlll        34      0       0      0.0%
BITBIGSFRllh        15      0       0      0.0%
BITBIGSFRlh         13      0       0      0.0%
STACK                0      0       0      0.0%
DATA                 0      0       9      0.0%


Microchip Technology PIC18 Macro Assembler V2.50 build 20240725155939 
Symbol Table                                                                                   Sun Nov 23 23:55:01 2025

                     l71 0852                       l81 08FA                       l82 08D0  
                     l74 085E                       l79 0896                       l89 0940  
                    l960 0912                      l938 08C0                      l972 0938  
                    l964 091E                      l956 0908                      l968 092A  
                    _GIE 7F97                      _RC1 7C11                      u337 0870  
                    u347 089A                      _ISR 0008                      u357 08A4  
                    u367 08D4                      u377 08DE                      wreg 0FE8  
                   ?_ISR 0001                     _LATD 0F8C                     _LATE 0F8D  
                   _PEIE 7F96                     _TMR0 0FD6                     _main 0802  
                   btemp 000A                     start 000E             ___param_bank 0000  
                  ??_ISR 0001                    ?_main 0001                    _T0CON 0FD5  
                  _LATA1 7C49                    _LATA2 7C4A                    i2l107 09D6  
                  i2l116 09E8                    i2l988 0968                    i2l998 0984  
                  _TRISD 0F95                    _TRISE 0F96                    main@i 0002  
                  ttemp5 000B                    ttemp6 000E                    ttemp7 0012  
                  status 0FD8                    wtemp8 000B          __initialization 09EC  
           __end_of_main 0946                   ??_main 0001            __activetblptr 0000  
                 _ADCON1 0FC1                   _INT0IE 7F94                   _INT0IF 7F91  
                 _INT1IE 7F83                   _INT1IF 7F80                   _INT1IP 7F86  
                 _HLVDIE 7D02                   _HLVDIF 7D0A                   i2l1010 0998  
                 i2l1020 09B8                   i2l1004 098E                   _TMR0IE 7F95  
                 _TMR0IF 7F92                   _TMR0ON 7EAF                   _TRISA1 7C91  
                 _TRISA2 7C92                   _TRISC1 7CA1                   isa$std 0001  
                 _sensor 0009             __mediumconst 0000               __accesstop 0060  
__end_of__initialization 09F2            ___rparam_used 0001           __pcstackCOMRAM 0001  
             __pnvCOMRAM 0009                  _INTEDG0 7F8E                  _INTEDG1 7F8D  
                i2u21_40 0980                  i2u30_40 09D0                  i2u22_45 0982  
                i2u31_45 09D2                  i2u18_40 0964                  i2u27_40 09B4  
                __Hparam 0000                  __Lparam 0000                  _Retorno 0006  
           __psmallconst 0800                  __pcinit 09EC                  __ramtop 0800  
                __ptext0 0802           __pintcode_body 0946     end_of_initialization 09F2  
                int_func 0946              _DECENAS_RGB 0007      start_initialization 09EC  
            __end_of_ISR 09EC              __pbssCOMRAM 0006                __pintcode 0008  
            __smallconst 0800                _segmentos 0008              _HLVDCONbits 0FD2  
              main@i_128 0004                 __Hrparam 0000                 __Lrparam 0000  
               isa$xinst 0000                 int$flags 000A                 intlevel2 0000  
